011107.326808 [13748] [7192] <info> Open log C:\Users\некто\Downloads\PyTransaq-master\PyTransaq-master\Transaq\Transaq\bin\x86\Debug\netcoreapp3.1\, level 2
011107.327805 [13748] [7192] <info> System version 6.28. TXmlConnector version 2.21.16
011107.327805 [13748] [7192] <info> Initializing...
011108.339867 [13748] [7192] <info> State <DISCONNECTED> changed to <CONNECTING>
011108.340809 [13748] [main] <info> Initializing dsp...
011108.340809 [13748] [main] <info> Preparing for login...
011108.340809 [13748] [main] <info> Packet size: 65520
011108.340809 [13748] [main] <info> Logging in...
011108.803834 [13748] [main] <info> Logged in
011108.803834 [13748] [main] <info> State <CONNECTING> changed to <LOADING>
011108.803834 [13748] [main] <info> Loading static data...
011108.865835 [13748] [main] <info> Loading snapshot...
011108.865835 [13748] [main] <info> State <LOADING> changed to <READY>
011108.865835 [13748] [main] <info> Main thread OK. Data refresh period: 100
011117.145870 [13748] [main] <info> Snapshot loaded: Cl: 5, As: 1
011117.214868 [13748] [main] <info> Host RAM: 8589MB total, 2205MB available, 133345KB used
011304.854472 [4716] [4820] <info> Open log C:\Users\некто\Downloads\PyTransaq-master\PyTransaq-master\Transaq\Transaq\bin\x86\Debug\netcoreapp3.1\, level 2
011304.855480 [4716] [4820] <info> System version 6.28. TXmlConnector version 2.21.16
011304.855480 [4716] [4820] <info> Initializing...
011305.864529 [4716] [4820] <info> State <DISCONNECTED> changed to <CONNECTING>
011305.864529 [4716] [main] <info> Initializing dsp...
011305.865498 [4716] [main] <info> Preparing for login...
011305.865498 [4716] [main] <info> Packet size: 65520
011305.865498 [4716] [main] <info> Logging in...
011306.080484 [4716] [main] <info> Logged in
011306.080484 [4716] [main] <info> State <CONNECTING> changed to <LOADING>
011306.080484 [4716] [main] <info> Loading static data...
011306.138478 [4716] [main] <info> Loading snapshot...
011306.138478 [4716] [main] <info> State <LOADING> changed to <READY>
011306.138478 [4716] [main] <info> Main thread OK. Data refresh period: 100
011314.040483 [4716] [main] <info> Snapshot loaded: Cl: 5, As: 1
011314.109481 [4716] [main] <info> Host RAM: 8589MB total, 2266MB available, 138104KB used
011605.078681 [14512] [14516] <info> Open log C:\Users\некто\Downloads\PyTransaq-master\PyTransaq-master\Transaq\Transaq\bin\x86\Debug\netcoreapp3.1\, level 2
011605.078681 [14512] [14516] <info> System version 6.28. TXmlConnector version 2.21.16
011605.078681 [14512] [14516] <info> Initializing...
011606.090717 [14512] [14516] <info> State <DISCONNECTED> changed to <CONNECTING>
011606.090717 [14512] [main] <info> Initializing dsp...
011606.090717 [14512] [main] <info> Preparing for login...
011606.090717 [14512] [main] <info> Packet size: 65520
011606.091658 [14512] [main] <info> Logging in...
011606.303690 [14512] [main] <info> Logged in
011606.303690 [14512] [main] <info> State <CONNECTING> changed to <LOADING>
011606.303690 [14512] [main] <info> Loading static data...
011606.378656 [14512] [main] <info> Loading snapshot...
011606.378656 [14512] [main] <info> State <LOADING> changed to <READY>
011606.378656 [14512] [main] <info> Main thread OK. Data refresh period: 100
011614.202693 [14512] [main] <info> Snapshot loaded: Cl: 5, As: 1
011614.266694 [14512] [main] <info> Host RAM: 8589MB total, 2240MB available, 138178KB used
050002.671345 [14512] [main] <fatal> Main thread exception: CacheException
050002.672344 [14512] [main] <info> State <READY> changed to <DISCONNECTING>
050002.672344 [14512] [main] <info> Logging out...
050002.673353 [14512] [main] <info> Host RAM: 8589MB total, 2496MB available, 139812KB used
050002.673353 [14512] [main] <info> State <DISCONNECTING> changed to <DISCONNECTED>
